bilrun/build/app/intermediates/manifest_merge_blame_file/debug/manifest-merger-blame-debug-report.txt
1<?xml version="1.0" encoding="utf-8"?>
2<manifest xmlns:android="http://schemas.android.com/apk/res/android"
3    package="SRCcompanycom.example.bilrun"
4    android:versionCode="1"
5    android:versionName="1.0.0" >
6
7    <uses-sdk
8        android:minSdkVersion="20"
9        android:targetSdkVersion="29" />
10    <!--
11         Flutter needs it to communicate with the running application
12         to allow setting breakpoints, to provide hot reload, etc.
13    -->
14    <uses-permission android:name="android.permission.INTERNET" />
14-->src/main/AndroidManifest.xml:9:5-67
14-->src/main/AndroidManifest.xml:9:22-64
15    <uses-permission android:name="android.permission.WRITE_EXTERNAL_STORAGE" />
15-->src/main/AndroidManifest.xml:10:5-81
15-->src/main/AndroidManifest.xml:10:22-78
16    <uses-permission android:name="android.permission.READ_EXTERNAL_STORAGE" />
16-->src/main/AndroidManifest.xml:11:5-80
16-->src/main/AndroidManifest.xml:11:22-77
17    <uses-permission android:name="android.permission.CAMERA" />
17-->src/main/AndroidManifest.xml:12:5-65
17-->src/main/AndroidManifest.xml:12:22-62
18    <uses-permission android:name="android.permission.ACCESS_COARSE_LOCATION" />
18-->src/main/AndroidManifest.xml:13:5-81
18-->src/main/AndroidManifest.xml:13:22-78
19    <uses-permission android:name="android.permission.ACCESS_FINE_LOCATION" />
19-->src/main/AndroidManifest.xml:14:5-79
19-->src/main/AndroidManifest.xml:14:22-76
20    <uses-permission android:name="android.permission.ACCESS_WIFI_STATE" />
20-->src/main/AndroidManifest.xml:15:5-76
20-->src/main/AndroidManifest.xml:15:22-73
21    <uses-permission android:name="android.permission.ACCESS_NETWORK_STATE" />
21-->src/main/AndroidManifest.xml:16:5-79
21-->src/main/AndroidManifest.xml:16:22-76
22    <uses-permission android:name="android.permission.CHANGE_WIFI_STATE" />
22-->src/main/AndroidManifest.xml:17:5-76
22-->src/main/AndroidManifest.xml:17:22-73
23    <uses-permission android:name="android.permission.CHANGE_NETWORK_STATE" />
23-->src/main/AndroidManifest.xml:18:5-79
23-->src/main/AndroidManifest.xml:18:22-76
24
25    <uses-feature
25-->[com.google.android.gms:play-services-maps:17.0.0] AndroidManifest.xml:26:5-28:35
26        android:glEsVersion="0x00020000"
26-->[com.google.android.gms:play-services-maps:17.0.0] AndroidManifest.xml:27:9-41
27        android:required="true" />
27-->[com.google.android.gms:play-services-maps:17.0.0] AndroidManifest.xml:28:9-32
28
29    <application
29-->src/main/AndroidManifest.xml:22:5-69:19
30        android:name="io.flutter.app.FlutterApplication"
30-->src/main/AndroidManifest.xml:23:9-57
31        android:appComponentFactory="androidx.core.app.CoreComponentFactory"
31-->[androidx.core:core:1.1.0] AndroidManifest.xml:24:18-86
32        android:debuggable="true"
33        android:icon="@mipmap/ic_launcher"
33-->src/main/AndroidManifest.xml:27:9-43
34        android:label="bilrun"
34-->src/main/AndroidManifest.xml:24:9-31
35        android:usesCleartextTraffic="true" >
35-->src/main/AndroidManifest.xml:25:9-44
36        <uses-library
36-->src/main/AndroidManifest.xml:28:9-87
37            android:name="org.apache.http.legacy"
37-->src/main/AndroidManifest.xml:28:23-60
38            android:required="false" />
38-->src/main/AndroidManifest.xml:28:61-85
39
40        <meta-data
40-->src/main/AndroidManifest.xml:29:9-30:73
41            android:name="com.google.android.geo.API_KEY"
41-->src/main/AndroidManifest.xml:29:20-65
42            android:value="AIzaSyAxkyj1oYDHE7kYo3rd7JQAv8M3HOOwGzI" />
42-->src/main/AndroidManifest.xml:30:16-71
43
44        <activity
44-->src/main/AndroidManifest.xml:32:9-62:20
45            android:name="SRCcompanycom.example.bilrun.MainActivity"
45-->src/main/AndroidManifest.xml:33:13-41
46            android:configChanges="orientation|keyboardHidden|keyboard|screenSize|smallestScreenSize|locale|layoutDirection|fontScale|screenLayout|density|uiMode"
46-->src/main/AndroidManifest.xml:36:13-163
47            android:hardwareAccelerated="true"
47-->src/main/AndroidManifest.xml:37:13-47
48            android:launchMode="singleTop"
48-->src/main/AndroidManifest.xml:34:13-43
49            android:theme="@style/LaunchTheme"
49-->src/main/AndroidManifest.xml:35:13-47
50            android:windowSoftInputMode="adjustResize" >
50-->src/main/AndroidManifest.xml:39:13-55
51
52            <!--
53                 Specifies an Android theme to apply to this Activity as soon as
54                 the Android process has started. This theme is visible to the user
55                 while the Flutter UI initializes. After that, this theme continues
56                 to determine the Window background behind the Flutter UI.
57            -->
58            <meta-data
58-->src/main/AndroidManifest.xml:44:13-47:17
59                android:name="io.flutter.embedding.android.NormalTheme"
59-->src/main/AndroidManifest.xml:45:15-70
60                android:resource="@style/NormalTheme" />
60-->src/main/AndroidManifest.xml:46:15-52
61            <!--
62                 Displays an Android View that continues showing the launch screen
63                 Drawable until Flutter paints its first frame, then this splash
64                 screen fades out. A splash screen is useful to avoid any visual
65                 gap between the end of Android's launch screen and the painting of
66                 Flutter's first frame.
67            -->
68            <meta-data
68-->src/main/AndroidManifest.xml:53:13-56:17
69                android:name="io.flutter.embedding.android.SplashScreenDrawable"
69-->src/main/AndroidManifest.xml:54:15-79
70                android:resource="@drawable/launch_background" />
70-->src/main/AndroidManifest.xml:55:15-61
71
72            <intent-filter>
72-->src/main/AndroidManifest.xml:58:13-61:29
73                <action android:name="android.intent.action.MAIN" />
73-->src/main/AndroidManifest.xml:59:17-68
73-->src/main/AndroidManifest.xml:59:25-66
74
75                <category android:name="android.intent.category.LAUNCHER" />
75-->src/main/AndroidManifest.xml:60:17-76
75-->src/main/AndroidManifest.xml:60:27-74
76            </intent-filter>
77        </activity>
78        <!--
79             Don't delete the meta-data below.
80             This is used by the Flutter tool to generate GeneratedPluginRegistrant.java
81        -->
82        <meta-data
82-->src/main/AndroidManifest.xml:65:9-67:33
83            android:name="flutterEmbedding"
83-->src/main/AndroidManifest.xml:66:13-44
84            android:value="2" />
84-->src/main/AndroidManifest.xml:67:13-30
85
86        <provider
86-->[:image_picker] AndroidManifest.xml:11:9-19:20
87            android:name="io.flutter.plugins.imagepicker.ImagePickerFileProvider"
87-->[:image_picker] AndroidManifest.xml:12:13-82
88            android:authorities="SRCcompanycom.example.bilrun.flutter.image_provider"
88-->[:image_picker] AndroidManifest.xml:13:13-74
89            android:exported="false"
89-->[:image_picker] AndroidManifest.xml:14:13-37
90            android:grantUriPermissions="true" >
90-->[:image_picker] AndroidManifest.xml:15:13-47
91            <meta-data
91-->[:image_picker] AndroidManifest.xml:16:13-18:75
92                android:name="android.support.FILE_PROVIDER_PATHS"
92-->[:image_picker] AndroidManifest.xml:17:17-67
93                android:resource="@xml/flutter_image_picker_file_paths" />
93-->[:image_picker] AndroidManifest.xml:18:17-72
94        </provider>
95
96        <activity
96-->[:url_launcher] AndroidManifest.xml:8:9-11:74
97            android:name="io.flutter.plugins.urllauncher.WebViewActivity"
97-->[:url_launcher] AndroidManifest.xml:9:13-74
98            android:exported="false"
98-->[:url_launcher] AndroidManifest.xml:10:13-37
99            android:theme="@android:style/Theme.NoTitleBar.Fullscreen" />
99-->[:url_launcher] AndroidManifest.xml:11:13-71
100
101        <provider
101-->[com.sangcomz:FishBun:0.11.2] AndroidManifest.xml:12:9-20:20
102            android:name="com.sangcomz.fishbun.FishBunFileProvider"
102-->[com.sangcomz:FishBun:0.11.2] AndroidManifest.xml:13:13-68
103            android:authorities="SRCcompanycom.example.bilrun.fishbunfileprovider"
103-->[com.sangcomz:FishBun:0.11.2] AndroidManifest.xml:14:13-71
104            android:exported="false"
104-->[com.sangcomz:FishBun:0.11.2] AndroidManifest.xml:15:13-37
105            android:grantUriPermissions="true" >
105-->[com.sangcomz:FishBun:0.11.2] AndroidManifest.xml:16:13-47
106            <meta-data
106-->[:image_picker] AndroidManifest.xml:16:13-18:75
107                android:name="android.support.FILE_PROVIDER_PATHS"
107-->[:image_picker] AndroidManifest.xml:17:17-67
108                android:resource="@xml/provider_paths" />
108-->[:image_picker] AndroidManifest.xml:18:17-72
109        </provider>
110
111        <activity
111-->[com.sangcomz:FishBun:0.11.2] AndroidManifest.xml:22:9-25:51
112            android:name="com.sangcomz.fishbun.ui.album.AlbumActivity"
112-->[com.sangcomz:FishBun:0.11.2] AndroidManifest.xml:23:13-71
113            android:label="@string/album"
113-->[com.sangcomz:FishBun:0.11.2] AndroidManifest.xml:24:13-42
114            android:theme="@style/FishBunTheme" />
114-->[com.sangcomz:FishBun:0.11.2] AndroidManifest.xml:25:13-48
115        <activity
115-->[com.sangcomz:FishBun:0.11.2] AndroidManifest.xml:26:9-28:51
116            android:name="com.sangcomz.fishbun.ui.picker.PickerActivity"
116-->[com.sangcomz:FishBun:0.11.2] AndroidManifest.xml:27:13-73
117            android:theme="@style/FishBunTheme" />
117-->[com.sangcomz:FishBun:0.11.2] AndroidManifest.xml:28:13-48
118        <activity
118-->[com.sangcomz:FishBun:0.11.2] AndroidManifest.xml:29:9-31:54
119            android:name="com.sangcomz.fishbun.ui.detail.DetailActivity"
119-->[com.sangcomz:FishBun:0.11.2] AndroidManifest.xml:30:13-73
120            android:theme="@style/DetailViewTheme" />
120-->[com.sangcomz:FishBun:0.11.2] AndroidManifest.xml:31:13-51
121        <activity
121-->[com.google.android.gms:play-services-base:17.0.0] AndroidManifest.xml:23:9-26:75
122            android:name="com.google.android.gms.common.api.GoogleApiActivity"
122-->[com.google.android.gms:play-services-base:17.0.0] AndroidManifest.xml:24:13-79
123            android:exported="false"
123-->[com.google.android.gms:play-services-base:17.0.0] AndroidManifest.xml:25:13-37
124            android:theme="@android:style/Theme.Translucent.NoTitleBar" />
124-->[com.google.android.gms:play-services-base:17.0.0] AndroidManifest.xml:26:13-72
125
126        <meta-data
126-->[com.google.android.gms:play-services-basement:17.0.0] AndroidManifest.xml:23:9-25:69
127            android:name="com.google.android.gms.version"
127-->[com.google.android.gms:play-services-basement:17.0.0] AndroidManifest.xml:24:13-58
128            android:value="@integer/google_play_services_version" />
128-->[com.google.android.gms:play-services-basement:17.0.0] AndroidManifest.xml:25:13-66
129    </application>
130
131</manifest>